2024-11-21T16:28:01.832Z [ERROR]: Ошибка регистрации пользователя: secretOrPrivateKey must have a value
2024-11-21T16:39:05.380Z [ERROR]: Ошибка регистрации пользователя: secretOrPrivateKey must have a value
2024-11-21T16:40:57.199Z [ERROR]: Ошибка регистрации пользователя: secretOrPrivateKey must have a value
2024-11-21T16:42:03.632Z [ERROR]: Ошибка регистрации пользователя: secretOrPrivateKey must have a value
2024-11-21T16:44:40.782Z [INFO]: Токен email: eyJhbGciOiJIUzI1NiIsInR5cCI6IkpXVCJ9.eyJlbWFpbCI6ImhkbW1vc2Nvd0BnbWFpbC5jb20iLCJpYXQiOjE3MzIyMDc0ODAsImV4cCI6MTczMjI5Mzg4MH0.X2IQnU61F2p5dOwNdqoFaGYHvgh-TWE_7xCFJRFMjds
2024-11-21T16:44:40.913Z [ERROR]: Ошибка регистрации пользователя: connect ECONNREFUSED ::1:587
2024-11-21T16:46:28.117Z [INFO]: Токен email: eyJhbGciOiJIUzI1NiIsInR5cCI6IkpXVCJ9.eyJlbWFpbCI6ImhkbW1vc2Nvd0BnbWFpbC5jb20iLCJpYXQiOjE3MzIyMDc1ODcsImV4cCI6MTczMjI5Mzk4N30.5IPMyO94K3aWzE2CJYRUUoUe0jE_zwKSi2gSumuHBR8
2024-11-21T16:46:28.124Z [ERROR]: Ошибка регистрации пользователя: connect ECONNREFUSED ::1:587
2024-11-21T16:51:24.185Z [INFO]: Токен email: eyJhbGciOiJIUzI1NiIsInR5cCI6IkpXVCJ9.eyJlbWFpbCI6ImhkbW1vc2Nvd0BnbWFpbC5jb20iLCJpYXQiOjE3MzIyMDc4ODQsImV4cCI6MTczMjI5NDI4NH0.G3ljAr6OxmQ2UKJk18cndG-yYixX2EPKbJeGizcUGc0
2024-11-21T16:51:24.291Z [ERROR]: Ошибка регистрации пользователя: connect ECONNREFUSED ::1:587
2024-11-21T16:57:48.648Z [WARN]: Регистрация не удалась: пользователь с email hdmmoscow@gmail.com уже существует.
2024-11-21T16:59:26.101Z [INFO]: [object Object]
2024-11-21T16:59:26.210Z [ERROR]: Ошибка регистрации пользователя: connect ECONNREFUSED ::1:587
2024-11-21T17:02:45.318Z [WARN]: Регистрация не удалась: пользователь с email hdmmoscow@gmail.com уже существует.
2024-11-21T17:03:15.580Z [INFO]: [object Object]
2024-11-21T17:03:15.586Z [ERROR]: Ошибка регистрации пользователя: connect ECONNREFUSED ::1:587
2024-11-22T11:48:15.070Z [INFO]: [object Object]
2024-11-22T11:48:15.177Z [ERROR]: Ошибка регистрации пользователя: connect ECONNREFUSED ::1:587
2024-11-22T11:59:45.597Z [INFO]: [object Object]
2024-11-22T11:59:45.700Z [ERROR]: Ошибка регистрации пользователя: connect ECONNREFUSED ::1:587
2024-11-22T12:00:30.480Z [WARN]: Регистрация не удалась: пользователь с email khmaradmitriy@gmail.com уже существует.
2024-11-22T12:00:40.948Z [ERROR]: Ошибка регистрации пользователя: E11000 duplicate key error collection: MongoDB-6096.users index: username_1 dup key: { : null }
2024-11-22T12:01:11.637Z [INFO]: undefined
2024-11-22T12:01:11.746Z [ERROR]: Ошибка регистрации пользователя: connect ECONNREFUSED ::1:587
2024-11-22T12:02:07.549Z [INFO]: HD2!
2024-11-22T12:02:07.658Z [ERROR]: Ошибка регистрации пользователя: connect ECONNREFUSED ::1:587
2024-11-22T12:02:41.974Z [INFO]: undefined
2024-11-22T12:02:42.081Z [ERROR]: Ошибка регистрации пользователя: connect ECONNREFUSED ::1:587
2024-11-22T12:05:13.059Z [ERROR]: Ошибка регистрации пользователя: connect ECONNREFUSED ::1:587
2024-11-22T12:07:13.180Z [ERROR]: Ошибка регистрации пользователя: connect ECONNREFUSED ::1:587
2024-11-22T12:09:59.899Z [ERROR]: Ошибка регистрации пользователя: connect ECONNREFUSED ::1:587
2024-11-22T12:36:25.490Z [ERROR]: Ошибка регистрации пользователя: Mail command failed: 550 not local sender over smtp
2024-11-22T12:42:44.566Z [INFO]: Новый пользователь зарегистрирован: khmarad1mitriy@gmail.com. Письмо отправлено.
2024-11-22T12:44:55.632Z [INFO]: Новый пользователь зарегистрирован: khmaradmitriy@gmail.com. Письмо отправлено.
2024-11-22T12:45:20.207Z [WARN]: Попытка входа с неподтвержденным email: khmaradmitriy@gmail.com
2024-11-22T12:47:34.795Z [INFO]: Новый пользователь зарегистрирован: khmaradmitriy@gmail.com. Письмо отправлено.
2024-11-22T12:52:14.880Z [INFO]: Новый пользователь зарегистрирован: khmaradmitriy@gmail.com. Письмо отправлено.
2024-11-22T13:06:59.440Z [INFO]: Новый пользователь зарегистрирован: khmaradmitriy@gmail.com. Письмо отправлено.
2024-11-22T13:26:45.160Z [INFO]: Новый пользователь зарегистрирован: khmaradmitriy@gmail.com. Письмо отправлено.
2024-11-24T07:21:18.082Z [WARN]: Попытка входа с неподтвержденным email: khmaradmitriy@gmail.com
2024-11-24T07:21:40.641Z [WARN]: Регистрация не удалась: пользователь с email khmaradmitriy@gmail.com уже существует.
2024-11-24T07:21:45.578Z [ERROR]: Ошибка регистрации пользователя: E11000 duplicate key error collection: MongoDB-6096.users index: username_1 dup key: { : null }
2024-11-24T07:32:23.180Z [WARN]: Попытка входа с неподтвержденным email: khmaradmitriy@gmail.com
2024-11-24T07:38:30.531Z [INFO]: Новый пользователь зарегистрирован: khmaradmitriy@gmail.com. Письмо отправлено.
